2022-08-16 07:29:25,141 [Worker-6: Loading available Gradle versions] INFO  o.e.b.c.i.u.g.PublishedGradleVersions - Gradle version information cache is out-of-date. Trying to update.
2022-08-16 07:29:45,871 [Worker-9: Importing Maven projects] INFO  o.e.m.c.i.l.LifecycleMappingFactory - Using org.eclipse.m2e.jdt.JarLifecycleMapping lifecycle mapping for MavenProject: com.productapp:01_productapp:0.0.1-SNAPSHOT @ /home/raj/Desktop/SPRING_TRAINING_STUFF/code_stuff/1_core/01_productapp_why_di/pom.xml.
2022-08-16 07:29:46,229 [Worker-9: Importing Maven projects] INFO  o.e.m.j.i.AbstractJavaProjectConfigurator - Adding source folder /01_productapp_why_di/src/main/java
2022-08-16 07:29:46,230 [Worker-9: Importing Maven projects] INFO  o.e.m.j.i.AbstractJavaProjectConfigurator - Adding resource folder /01_productapp_why_di/src/main/resources
2022-08-16 07:29:46,230 [Worker-9: Importing Maven projects] INFO  o.e.m.j.i.AbstractJavaProjectConfigurator - Adding source folder /01_productapp_why_di/src/test/java
2022-08-16 07:29:46,231 [Worker-9: Importing Maven projects] INFO  o.e.m.j.i.AbstractJavaProjectConfigurator - Adding resource folder /01_productapp_why_di/src/test/resources
2022-08-16 07:29:46,300 [Worker-9: Importing Maven projects] INFO  o.e.m.c.i.p.ProjectConfigurationManager - Imported and configured 1 project(s) in 1 sec
2022-08-16 07:29:46,926 [Worker-12: Building] WARN  o.e.m.c.i.embedder.EclipseLogger - Using platform encoding (UTF-8 actually) to copy filtered resources, i.e. build is platform dependent!
2022-08-16 07:29:46,935 [Worker-12: Building] INFO  o.e.m.c.i.embedder.EclipseLogger - Copying 0 resource
2022-08-16 07:29:46,937 [Worker-12: Building] WARN  o.e.m.c.i.embedder.EclipseLogger - Using platform encoding (UTF-8 actually) to copy filtered resources, i.e. build is platform dependent!
2022-08-16 07:29:46,938 [Worker-12: Building] INFO  o.e.m.c.i.embedder.EclipseLogger - Copying 0 resource
2022-08-16 07:30:01,335 [Worker-10: Importing Maven projects] INFO  o.e.m.c.i.l.LifecycleMappingFactory - Using org.eclipse.m2e.jdt.JarLifecycleMapping lifecycle mapping for MavenProject: com.productapp:01_productapp:0.0.1-SNAPSHOT @ /home/raj/Desktop/SPRING_TRAINING_STUFF/code_stuff/1_core/02_productapp_xml/pom.xml.
2022-08-16 07:30:01,409 [Worker-10: Importing Maven projects] INFO  o.e.m.j.i.AbstractJavaProjectConfigurator - Adding source folder /02_productapp_xml/src/main/java
2022-08-16 07:30:01,409 [Worker-10: Importing Maven projects] INFO  o.e.m.j.i.AbstractJavaProjectConfigurator - Adding resource folder /02_productapp_xml/src/main/resources
2022-08-16 07:30:01,410 [Worker-10: Importing Maven projects] INFO  o.e.m.j.i.AbstractJavaProjectConfigurator - Adding source folder /02_productapp_xml/src/test/java
2022-08-16 07:30:01,410 [Worker-10: Importing Maven projects] INFO  o.e.m.j.i.AbstractJavaProjectConfigurator - Adding resource folder /02_productapp_xml/src/test/resources
2022-08-16 07:30:01,430 [Worker-10: Importing Maven projects] INFO  o.e.m.c.i.p.ProjectConfigurationManager - Imported and configured 1 project(s) in 0 sec
2022-08-16 07:30:02,193 [Worker-7: Building] WARN  o.e.m.c.i.embedder.EclipseLogger - Using platform encoding (UTF-8 actually) to copy filtered resources, i.e. build is platform dependent!
2022-08-16 07:30:02,194 [Worker-7: Building] INFO  o.e.m.c.i.embedder.EclipseLogger - Copying 1 resource
2022-08-16 07:30:02,205 [Worker-7: Building] WARN  o.e.m.c.i.embedder.EclipseLogger - Using platform encoding (UTF-8 actually) to copy filtered resources, i.e. build is platform dependent!
2022-08-16 07:30:02,205 [Worker-7: Building] INFO  o.e.m.c.i.embedder.EclipseLogger - Copying 0 resource
2022-08-16 07:30:10,726 [Worker-6: Importing Maven projects] INFO  o.e.m.c.i.l.LifecycleMappingFactory - Using org.eclipse.m2e.jdt.JarLifecycleMapping lifecycle mapping for MavenProject: com.productapp:01_productapp:0.0.1-SNAPSHOT @ /home/raj/Desktop/SPRING_TRAINING_STUFF/code_stuff/1_core/03_productapp_bean_lifecycle/pom.xml.
2022-08-16 07:30:10,785 [Worker-6: Importing Maven projects] INFO  o.e.m.j.i.AbstractJavaProjectConfigurator - Adding source folder /03_productapp_bean_lifecycle/src/main/java
2022-08-16 07:30:10,785 [Worker-6: Importing Maven projects] INFO  o.e.m.j.i.AbstractJavaProjectConfigurator - Adding resource folder /03_productapp_bean_lifecycle/src/main/resources
2022-08-16 07:30:10,785 [Worker-6: Importing Maven projects] INFO  o.e.m.j.i.AbstractJavaProjectConfigurator - Adding source folder /03_productapp_bean_lifecycle/src/test/java
2022-08-16 07:30:10,785 [Worker-6: Importing Maven projects] INFO  o.e.m.j.i.AbstractJavaProjectConfigurator - Adding resource folder /03_productapp_bean_lifecycle/src/test/resources
2022-08-16 07:30:11,074 [Worker-6: Importing Maven projects] INFO  o.e.m.c.i.p.ProjectConfigurationManager - Imported and configured 1 project(s) in 0 sec
2022-08-16 07:30:11,356 [Worker-11: Building] WARN  o.e.m.c.i.embedder.EclipseLogger - Using platform encoding (UTF-8 actually) to copy filtered resources, i.e. build is platform dependent!
2022-08-16 07:30:11,357 [Worker-11: Building] INFO  o.e.m.c.i.embedder.EclipseLogger - Copying 1 resource
2022-08-16 07:30:11,358 [Worker-11: Building] WARN  o.e.m.c.i.embedder.EclipseLogger - Using platform encoding (UTF-8 actually) to copy filtered resources, i.e. build is platform dependent!
2022-08-16 07:30:11,359 [Worker-11: Building] INFO  o.e.m.c.i.embedder.EclipseLogger - Copying 0 resource
2022-08-16 07:30:20,277 [Worker-9: Importing Maven projects] INFO  o.e.m.c.i.l.LifecycleMappingFactory - Using org.eclipse.m2e.jdt.JarLifecycleMapping lifecycle mapping for MavenProject: com.productapp:01_productapp:0.0.1-SNAPSHOT @ /home/raj/Desktop/SPRING_TRAINING_STUFF/code_stuff/1_core/04_productapp_annoatation/pom.xml.
2022-08-16 07:30:20,314 [Worker-9: Importing Maven projects] INFO  o.e.m.j.i.AbstractJavaProjectConfigurator - Adding source folder /04_productapp_annoatation/src/main/java
2022-08-16 07:30:20,314 [Worker-9: Importing Maven projects] INFO  o.e.m.j.i.AbstractJavaProjectConfigurator - Adding resource folder /04_productapp_annoatation/src/main/resources
2022-08-16 07:30:20,315 [Worker-9: Importing Maven projects] INFO  o.e.m.j.i.AbstractJavaProjectConfigurator - Adding source folder /04_productapp_annoatation/src/test/java
2022-08-16 07:30:20,315 [Worker-9: Importing Maven projects] INFO  o.e.m.j.i.AbstractJavaProjectConfigurator - Adding resource folder /04_productapp_annoatation/src/test/resources
2022-08-16 07:30:20,338 [Worker-9: Importing Maven projects] INFO  o.e.m.c.i.p.ProjectConfigurationManager - Imported and configured 1 project(s) in 0 sec
2022-08-16 07:30:20,582 [Worker-4: Building] WARN  o.e.m.c.i.embedder.EclipseLogger - Using platform encoding (UTF-8 actually) to copy filtered resources, i.e. build is platform dependent!
2022-08-16 07:30:20,583 [Worker-4: Building] INFO  o.e.m.c.i.embedder.EclipseLogger - Copying 1 resource
2022-08-16 07:30:20,584 [Worker-4: Building] WARN  o.e.m.c.i.embedder.EclipseLogger - Using platform encoding (UTF-8 actually) to copy filtered resources, i.e. build is platform dependent!
2022-08-16 07:30:20,584 [Worker-4: Building] INFO  o.e.m.c.i.embedder.EclipseLogger - Copying 0 resource
2022-08-16 07:30:30,211 [Worker-1: Importing Maven projects] INFO  o.e.m.c.i.l.LifecycleMappingFactory - Using org.eclipse.m2e.jdt.JarLifecycleMapping lifecycle mapping for MavenProject: com.productapp:01_productapp:0.0.1-SNAPSHOT @ /home/raj/Desktop/SPRING_TRAINING_STUFF/code_stuff/1_core/05_productapp_java_config/pom.xml.
2022-08-16 07:30:30,241 [Worker-1: Importing Maven projects] INFO  o.e.m.j.i.AbstractJavaProjectConfigurator - Adding source folder /05_productapp_java_config/src/main/java
2022-08-16 07:30:30,241 [Worker-1: Importing Maven projects] INFO  o.e.m.j.i.AbstractJavaProjectConfigurator - Adding resource folder /05_productapp_java_config/src/main/resources
2022-08-16 07:30:30,241 [Worker-1: Importing Maven projects] INFO  o.e.m.j.i.AbstractJavaProjectConfigurator - Adding source folder /05_productapp_java_config/src/test/java
2022-08-16 07:30:30,242 [Worker-1: Importing Maven projects] INFO  o.e.m.j.i.AbstractJavaProjectConfigurator - Adding resource folder /05_productapp_java_config/src/test/resources
2022-08-16 07:30:30,255 [Worker-1: Importing Maven projects] INFO  o.e.m.c.i.p.ProjectConfigurationManager - Imported and configured 1 project(s) in 0 sec
2022-08-16 07:30:30,526 [Worker-2: Building] WARN  o.e.m.c.i.embedder.EclipseLogger - Using platform encoding (UTF-8 actually) to copy filtered resources, i.e. build is platform dependent!
2022-08-16 07:30:30,527 [Worker-2: Building] INFO  o.e.m.c.i.embedder.EclipseLogger - Copying 1 resource
2022-08-16 07:30:30,528 [Worker-2: Building] WARN  o.e.m.c.i.embedder.EclipseLogger - Using platform encoding (UTF-8 actually) to copy filtered resources, i.e. build is platform dependent!
2022-08-16 07:30:30,528 [Worker-2: Building] INFO  o.e.m.c.i.embedder.EclipseLogger - Copying 0 resource
2022-08-16 07:30:38,101 [Worker-3: Importing Maven projects] INFO  o.e.m.c.i.l.LifecycleMappingFactory - Using org.eclipse.m2e.jdt.JarLifecycleMapping lifecycle mapping for MavenProject: com.productapp:01_productapp:0.0.1-SNAPSHOT @ /home/raj/Desktop/SPRING_TRAINING_STUFF/code_stuff/1_core/06_productapp_aop/pom.xml.
2022-08-16 07:30:38,140 [Worker-3: Importing Maven projects] INFO  o.e.m.j.i.AbstractJavaProjectConfigurator - Adding source folder /06_productapp_aop/src/main/java
2022-08-16 07:30:38,140 [Worker-3: Importing Maven projects] INFO  o.e.m.j.i.AbstractJavaProjectConfigurator - Adding resource folder /06_productapp_aop/src/main/resources
2022-08-16 07:30:38,141 [Worker-3: Importing Maven projects] INFO  o.e.m.j.i.AbstractJavaProjectConfigurator - Adding source folder /06_productapp_aop/src/test/java
2022-08-16 07:30:38,141 [Worker-3: Importing Maven projects] INFO  o.e.m.j.i.AbstractJavaProjectConfigurator - Adding resource folder /06_productapp_aop/src/test/resources
2022-08-16 07:30:38,154 [Worker-3: Importing Maven projects] INFO  o.e.m.c.i.p.ProjectConfigurationManager - Imported and configured 1 project(s) in 0 sec
2022-08-16 07:30:38,381 [Worker-2: Building] WARN  o.e.m.c.i.embedder.EclipseLogger - Using platform encoding (UTF-8 actually) to copy filtered resources, i.e. build is platform dependent!
2022-08-16 07:30:38,385 [Worker-2: Building] INFO  o.e.m.c.i.embedder.EclipseLogger - Copying 1 resource
2022-08-16 07:30:38,388 [Worker-2: Building] WARN  o.e.m.c.i.embedder.EclipseLogger - Using platform encoding (UTF-8 actually) to copy filtered resources, i.e. build is platform dependent!
2022-08-16 07:30:38,389 [Worker-2: Building] INFO  o.e.m.c.i.embedder.EclipseLogger - Copying 0 resource
2022-08-16 07:30:46,476 [Worker-0: Importing Maven projects] ERROR o.e.m.c.i.p.ProjectConfigurationManager - Project 06_productapp_aop already exists
2022-08-16 07:30:46,477 [Worker-0: Importing Maven projects] INFO  o.e.m.c.i.p.ProjectConfigurationManager - Imported and configured 1 project(s) in 0 sec
2022-08-16 07:30:59,555 [Worker-5: Building] INFO  o.e.m.c.i.l.LifecycleMappingFactory - Using org.eclipse.m2e.jdt.JarLifecycleMapping lifecycle mapping for MavenProject: com.productapp:01_productapp:0.0.1-SNAPSHOT @ /home/raj/Desktop/SPRING_TRAINING_STUFF/code_stuff/1_core/01_productapp_why_di/pom.xml.
2022-08-16 07:30:59,588 [Worker-5: Building] WARN  o.e.m.c.i.embedder.EclipseLogger - Using platform encoding (UTF-8 actually) to copy filtered resources, i.e. build is platform dependent!
2022-08-16 07:30:59,590 [Worker-5: Building] INFO  o.e.m.c.i.embedder.EclipseLogger - Copying 0 resource
2022-08-16 07:30:59,592 [Worker-5: Building] WARN  o.e.m.c.i.embedder.EclipseLogger - Using platform encoding (UTF-8 actually) to copy filtered resources, i.e. build is platform dependent!
2022-08-16 07:30:59,592 [Worker-5: Building] INFO  o.e.m.c.i.embedder.EclipseLogger - Copying 0 resource
2022-08-16 07:31:07,746 [Worker-4: Updating Maven Project] INFO  o.e.m.c.i.p.ProjectConfigurationManager - Update started
2022-08-16 07:31:08,151 [Worker-4: Updating Maven Project] INFO  o.e.m.c.i.l.LifecycleMappingFactory - Using org.eclipse.m2e.jdt.JarLifecycleMapping lifecycle mapping for MavenProject: com.productapp:01_productapp:0.0.1-SNAPSHOT @ /home/raj/Desktop/SPRING_TRAINING_STUFF/code_stuff/1_core/03_productapp_bean_lifecycle/pom.xml.
2022-08-16 07:31:08,177 [Worker-4: Updating Maven Project] INFO  o.e.m.c.i.l.LifecycleMappingFactory - Using org.eclipse.m2e.jdt.JarLifecycleMapping lifecycle mapping for MavenProject: com.productapp:01_productapp:0.0.1-SNAPSHOT @ /home/raj/Desktop/SPRING_TRAINING_STUFF/code_stuff/1_core/05_productapp_java_config/pom.xml.
2022-08-16 07:31:08,192 [Worker-4: Updating Maven Project] INFO  o.e.m.c.i.l.LifecycleMappingFactory - Using org.eclipse.m2e.jdt.JarLifecycleMapping lifecycle mapping for MavenProject: com.productapp:01_productapp:0.0.1-SNAPSHOT @ /home/raj/Desktop/SPRING_TRAINING_STUFF/code_stuff/1_core/01_productapp_why_di/pom.xml.
2022-08-16 07:31:08,206 [Worker-4: Updating Maven Project] INFO  o.e.m.c.i.l.LifecycleMappingFactory - Using org.eclipse.m2e.jdt.JarLifecycleMapping lifecycle mapping for MavenProject: com.productapp:01_productapp:0.0.1-SNAPSHOT @ /home/raj/Desktop/SPRING_TRAINING_STUFF/code_stuff/1_core/04_productapp_annoatation/pom.xml.
2022-08-16 07:31:08,223 [Worker-4: Updating Maven Project] INFO  o.e.m.c.i.l.LifecycleMappingFactory - Using org.eclipse.m2e.jdt.JarLifecycleMapping lifecycle mapping for MavenProject: com.productapp:01_productapp:0.0.1-SNAPSHOT @ /home/raj/Desktop/SPRING_TRAINING_STUFF/code_stuff/1_core/06_productapp_aop/pom.xml.
2022-08-16 07:31:08,375 [Worker-4: Updating Maven Project] INFO  o.e.m.j.i.AbstractJavaProjectConfigurator - Adding source folder /01_productapp_why_di/src/main/java
2022-08-16 07:31:08,376 [Worker-4: Updating Maven Project] INFO  o.e.m.j.i.AbstractJavaProjectConfigurator - Adding resource folder /01_productapp_why_di/src/main/resources
2022-08-16 07:31:08,376 [Worker-4: Updating Maven Project] INFO  o.e.m.j.i.AbstractJavaProjectConfigurator - Adding source folder /01_productapp_why_di/src/test/java
2022-08-16 07:31:08,376 [Worker-4: Updating Maven Project] INFO  o.e.m.j.i.AbstractJavaProjectConfigurator - Adding resource folder /01_productapp_why_di/src/test/resources
2022-08-16 07:31:08,496 [Worker-4: Updating Maven Project] INFO  o.e.m.c.i.p.ProjectConfigurationManager - Update completed: 0 sec
2022-08-16 07:31:09,131 [Worker-11: Building] WARN  o.e.m.c.i.embedder.EclipseLogger - Using platform encoding (UTF-8 actually) to copy filtered resources, i.e. build is platform dependent!
2022-08-16 07:31:09,132 [Worker-11: Building] INFO  o.e.m.c.i.embedder.EclipseLogger - Copying 0 resource
2022-08-16 07:31:09,134 [Worker-11: Building] WARN  o.e.m.c.i.embedder.EclipseLogger - Using platform encoding (UTF-8 actually) to copy filtered resources, i.e. build is platform dependent!
2022-08-16 07:31:09,135 [Worker-11: Building] INFO  o.e.m.c.i.embedder.EclipseLogger - Copying 0 resource
2022-08-16 07:31:09,477 [Worker-11: Building] WARN  o.e.m.c.i.embedder.EclipseLogger - Using platform encoding (UTF-8 actually) to copy filtered resources, i.e. build is platform dependent!
2022-08-16 07:31:09,479 [Worker-11: Building] INFO  o.e.m.c.i.embedder.EclipseLogger - Copying 0 resource
2022-08-16 07:31:09,480 [Worker-11: Building] WARN  o.e.m.c.i.embedder.EclipseLogger - Using platform encoding (UTF-8 actually) to copy filtered resources, i.e. build is platform dependent!
2022-08-16 07:31:09,481 [Worker-11: Building] INFO  o.e.m.c.i.embedder.EclipseLogger - Copying 0 resource
2022-08-16 07:31:09,535 [Worker-11: Building] WARN  o.e.m.c.i.embedder.EclipseLogger - Using platform encoding (UTF-8 actually) to copy filtered resources, i.e. build is platform dependent!
2022-08-16 07:31:09,535 [Worker-11: Building] INFO  o.e.m.c.i.embedder.EclipseLogger - Copying 0 resource
2022-08-16 07:31:09,537 [Worker-11: Building] WARN  o.e.m.c.i.embedder.EclipseLogger - Using platform encoding (UTF-8 actually) to copy filtered resources, i.e. build is platform dependent!
2022-08-16 07:31:09,537 [Worker-11: Building] INFO  o.e.m.c.i.embedder.EclipseLogger - Copying 0 resource
2022-08-16 07:31:09,556 [Worker-11: Building] WARN  o.e.m.c.i.embedder.EclipseLogger - Using platform encoding (UTF-8 actually) to copy filtered resources, i.e. build is platform dependent!
2022-08-16 07:31:09,557 [Worker-11: Building] INFO  o.e.m.c.i.embedder.EclipseLogger - Copying 0 resource
2022-08-16 07:31:09,558 [Worker-11: Building] WARN  o.e.m.c.i.embedder.EclipseLogger - Using platform encoding (UTF-8 actually) to copy filtered resources, i.e. build is platform dependent!
2022-08-16 07:31:09,559 [Worker-11: Building] INFO  o.e.m.c.i.embedder.EclipseLogger - Copying 0 resource
2022-08-16 07:31:09,577 [Worker-11: Building] WARN  o.e.m.c.i.embedder.EclipseLogger - Using platform encoding (UTF-8 actually) to copy filtered resources, i.e. build is platform dependent!
2022-08-16 07:31:09,578 [Worker-11: Building] INFO  o.e.m.c.i.embedder.EclipseLogger - Copying 0 resource
2022-08-16 07:31:09,579 [Worker-11: Building] WARN  o.e.m.c.i.embedder.EclipseLogger - Using platform encoding (UTF-8 actually) to copy filtered resources, i.e. build is platform dependent!
2022-08-16 07:31:09,580 [Worker-11: Building] INFO  o.e.m.c.i.embedder.EclipseLogger - Copying 0 resource
2022-08-16 07:31:58,918 [Worker-5: Building] WARN  o.e.m.c.i.embedder.EclipseLogger - Using platform encoding (UTF-8 actually) to copy filtered resources, i.e. build is platform dependent!
2022-08-16 07:31:58,922 [Worker-5: Building] INFO  o.e.m.c.i.embedder.EclipseLogger - Copying 0 resource
2022-08-16 07:31:58,923 [Worker-5: Building] WARN  o.e.m.c.i.embedder.EclipseLogger - Using platform encoding (UTF-8 actually) to copy filtered resources, i.e. build is platform dependent!
2022-08-16 07:31:58,924 [Worker-5: Building] INFO  o.e.m.c.i.embedder.EclipseLogger - Copying 0 resource
2022-08-16 07:32:19,267 [Worker-1: Building] INFO  o.e.m.c.i.l.LifecycleMappingFactory - Using org.eclipse.m2e.jdt.JarLifecycleMapping lifecycle mapping for MavenProject: com.productapp:01_productapp:0.0.1-SNAPSHOT @ /home/raj/Desktop/SPRING_TRAINING_STUFF/code_stuff/1_core/02_productapp_xml/pom.xml.
2022-08-16 07:32:19,343 [Worker-1: Building] WARN  o.e.m.c.i.embedder.EclipseLogger - Using platform encoding (UTF-8 actually) to copy filtered resources, i.e. build is platform dependent!
2022-08-16 07:32:19,344 [Worker-1: Building] INFO  o.e.m.c.i.embedder.EclipseLogger - Copying 0 resource
2022-08-16 07:32:19,345 [Worker-1: Building] WARN  o.e.m.c.i.embedder.EclipseLogger - Using platform encoding (UTF-8 actually) to copy filtered resources, i.e. build is platform dependent!
2022-08-16 07:32:19,346 [Worker-1: Building] INFO  o.e.m.c.i.embedder.EclipseLogger - Copying 0 resource
2022-08-16 07:32:23,393 [Worker-10: Updating Maven Project] INFO  o.e.m.c.i.p.ProjectConfigurationManager - Update started
2022-08-16 07:32:23,431 [Worker-10: Updating Maven Project] INFO  o.e.m.c.i.l.LifecycleMappingFactory - Using org.eclipse.m2e.jdt.JarLifecycleMapping lifecycle mapping for MavenProject: com.productapp:01_productapp:0.0.1-SNAPSHOT @ /home/raj/Desktop/SPRING_TRAINING_STUFF/code_stuff/1_core/02_productapp_xml/pom.xml.
2022-08-16 07:32:23,472 [Worker-10: Updating Maven Project] INFO  o.e.m.j.i.AbstractJavaProjectConfigurator - Adding source folder /02_productapp_xml/src/main/java
2022-08-16 07:32:23,473 [Worker-10: Updating Maven Project] INFO  o.e.m.j.i.AbstractJavaProjectConfigurator - Adding resource folder /02_productapp_xml/src/main/resources
2022-08-16 07:32:23,473 [Worker-10: Updating Maven Project] INFO  o.e.m.j.i.AbstractJavaProjectConfigurator - Adding source folder /02_productapp_xml/src/test/java
2022-08-16 07:32:23,473 [Worker-10: Updating Maven Project] INFO  o.e.m.j.i.AbstractJavaProjectConfigurator - Adding resource folder /02_productapp_xml/src/test/resources
2022-08-16 07:32:23,553 [Worker-10: Updating Maven Project] INFO  o.e.m.c.i.p.ProjectConfigurationManager - Update completed: 0 sec
2022-08-16 07:32:23,879 [Worker-3: Building] WARN  o.e.m.c.i.embedder.EclipseLogger - Using platform encoding (UTF-8 actually) to copy filtered resources, i.e. build is platform dependent!
2022-08-16 07:32:23,879 [Worker-3: Building] INFO  o.e.m.c.i.embedder.EclipseLogger - Copying 1 resource
2022-08-16 07:32:23,898 [Worker-3: Building] WARN  o.e.m.c.i.embedder.EclipseLogger - Using platform encoding (UTF-8 actually) to copy filtered resources, i.e. build is platform dependent!
2022-08-16 07:32:23,900 [Worker-3: Building] INFO  o.e.m.c.i.embedder.EclipseLogger - Copying 0 resource
2022-08-16 07:32:49,176 [Worker-11: Building] WARN  o.e.m.c.i.embedder.EclipseLogger - Using platform encoding (UTF-8 actually) to copy filtered resources, i.e. build is platform dependent!
2022-08-16 07:32:49,177 [Worker-11: Building] INFO  o.e.m.c.i.embedder.EclipseLogger - Copying 1 resource
2022-08-16 07:32:49,179 [Worker-11: Building] WARN  o.e.m.c.i.embedder.EclipseLogger - Using platform encoding (UTF-8 actually) to copy filtered resources, i.e. build is platform dependent!
2022-08-16 07:32:49,180 [Worker-11: Building] INFO  o.e.m.c.i.embedder.EclipseLogger - Copying 0 resource
2022-08-16 07:33:07,000 [Worker-12: Building] INFO  o.e.m.c.i.l.LifecycleMappingFactory - Using org.eclipse.m2e.jdt.JarLifecycleMapping lifecycle mapping for MavenProject: com.productapp:01_productapp:0.0.1-SNAPSHOT @ /home/raj/Desktop/SPRING_TRAINING_STUFF/code_stuff/1_core/03_productapp_bean_lifecycle/pom.xml.
2022-08-16 07:33:07,035 [Worker-12: Building] WARN  o.e.m.c.i.embedder.EclipseLogger - Using platform encoding (UTF-8 actually) to copy filtered resources, i.e. build is platform dependent!
2022-08-16 07:33:07,035 [Worker-12: Building] INFO  o.e.m.c.i.embedder.EclipseLogger - Copying 0 resource
2022-08-16 07:33:07,036 [Worker-12: Building] WARN  o.e.m.c.i.embedder.EclipseLogger - Using platform encoding (UTF-8 actually) to copy filtered resources, i.e. build is platform dependent!
2022-08-16 07:33:07,037 [Worker-12: Building] INFO  o.e.m.c.i.embedder.EclipseLogger - Copying 0 resource
2022-08-16 07:33:11,938 [Worker-9: Updating Maven Project] INFO  o.e.m.c.i.p.ProjectConfigurationManager - Update started
2022-08-16 07:33:11,977 [Worker-9: Updating Maven Project] INFO  o.e.m.c.i.l.LifecycleMappingFactory - Using org.eclipse.m2e.jdt.JarLifecycleMapping lifecycle mapping for MavenProject: com.productapp:01_productapp:0.0.1-SNAPSHOT @ /home/raj/Desktop/SPRING_TRAINING_STUFF/code_stuff/1_core/03_productapp_bean_lifecycle/pom.xml.
2022-08-16 07:33:12,031 [Worker-9: Updating Maven Project] INFO  o.e.m.j.i.AbstractJavaProjectConfigurator - Adding source folder /03_productapp_bean_lifecycle/src/main/java
2022-08-16 07:33:12,031 [Worker-9: Updating Maven Project] INFO  o.e.m.j.i.AbstractJavaProjectConfigurator - Adding resource folder /03_productapp_bean_lifecycle/src/main/resources
2022-08-16 07:33:12,031 [Worker-9: Updating Maven Project] INFO  o.e.m.j.i.AbstractJavaProjectConfigurator - Adding source folder /03_productapp_bean_lifecycle/src/test/java
2022-08-16 07:33:12,031 [Worker-9: Updating Maven Project] INFO  o.e.m.j.i.AbstractJavaProjectConfigurator - Adding resource folder /03_productapp_bean_lifecycle/src/test/resources
2022-08-16 07:33:12,086 [Worker-9: Updating Maven Project] INFO  o.e.m.c.i.p.ProjectConfigurationManager - Update completed: 0 sec
2022-08-16 07:33:12,650 [Worker-9: Building] WARN  o.e.m.c.i.embedder.EclipseLogger - Using platform encoding (UTF-8 actually) to copy filtered resources, i.e. build is platform dependent!
2022-08-16 07:33:12,651 [Worker-9: Building] INFO  o.e.m.c.i.embedder.EclipseLogger - Copying 1 resource
2022-08-16 07:33:12,652 [Worker-9: Building] WARN  o.e.m.c.i.embedder.EclipseLogger - Using platform encoding (UTF-8 actually) to copy filtered resources, i.e. build is platform dependent!
2022-08-16 07:33:12,653 [Worker-9: Building] INFO  o.e.m.c.i.embedder.EclipseLogger - Copying 0 resource
2022-08-16 07:33:22,194 [Worker-4: Building] INFO  o.e.m.c.i.l.LifecycleMappingFactory - Using org.eclipse.m2e.jdt.JarLifecycleMapping lifecycle mapping for MavenProject: com.productapp:01_productapp:0.0.1-SNAPSHOT @ /home/raj/Desktop/SPRING_TRAINING_STUFF/code_stuff/1_core/04_productapp_annoatation/pom.xml.
2022-08-16 07:33:22,220 [Worker-4: Building] WARN  o.e.m.c.i.embedder.EclipseLogger - Using platform encoding (UTF-8 actually) to copy filtered resources, i.e. build is platform dependent!
2022-08-16 07:33:22,220 [Worker-4: Building] INFO  o.e.m.c.i.embedder.EclipseLogger - Copying 0 resource
2022-08-16 07:33:22,221 [Worker-4: Building] WARN  o.e.m.c.i.embedder.EclipseLogger - Using platform encoding (UTF-8 actually) to copy filtered resources, i.e. build is platform dependent!
2022-08-16 07:33:22,222 [Worker-4: Building] INFO  o.e.m.c.i.embedder.EclipseLogger - Copying 0 resource
2022-08-16 07:33:26,533 [Worker-10: Updating Maven Project] INFO  o.e.m.c.i.p.ProjectConfigurationManager - Update started
2022-08-16 07:33:26,553 [Worker-10: Updating Maven Project] INFO  o.e.m.c.i.l.LifecycleMappingFactory - Using org.eclipse.m2e.jdt.JarLifecycleMapping lifecycle mapping for MavenProject: com.productapp:01_productapp:0.0.1-SNAPSHOT @ /home/raj/Desktop/SPRING_TRAINING_STUFF/code_stuff/1_core/04_productapp_annoatation/pom.xml.
2022-08-16 07:33:26,583 [Worker-10: Updating Maven Project] INFO  o.e.m.j.i.AbstractJavaProjectConfigurator - Adding source folder /04_productapp_annoatation/src/main/java
2022-08-16 07:33:26,583 [Worker-10: Updating Maven Project] INFO  o.e.m.j.i.AbstractJavaProjectConfigurator - Adding resource folder /04_productapp_annoatation/src/main/resources
2022-08-16 07:33:26,583 [Worker-10: Updating Maven Project] INFO  o.e.m.j.i.AbstractJavaProjectConfigurator - Adding source folder /04_productapp_annoatation/src/test/java
2022-08-16 07:33:26,584 [Worker-10: Updating Maven Project] INFO  o.e.m.j.i.AbstractJavaProjectConfigurator - Adding resource folder /04_productapp_annoatation/src/test/resources
2022-08-16 07:33:26,626 [Worker-10: Updating Maven Project] INFO  o.e.m.c.i.p.ProjectConfigurationManager - Update completed: 0 sec
2022-08-16 07:33:27,336 [Worker-10: Building] WARN  o.e.m.c.i.embedder.EclipseLogger - Using platform encoding (UTF-8 actually) to copy filtered resources, i.e. build is platform dependent!
2022-08-16 07:33:27,337 [Worker-10: Building] INFO  o.e.m.c.i.embedder.EclipseLogger - Copying 1 resource
2022-08-16 07:33:27,338 [Worker-10: Building] WARN  o.e.m.c.i.embedder.EclipseLogger - Using platform encoding (UTF-8 actually) to copy filtered resources, i.e. build is platform dependent!
2022-08-16 07:33:27,339 [Worker-10: Building] INFO  o.e.m.c.i.embedder.EclipseLogger - Copying 0 resource
2022-08-16 07:33:35,543 [Worker-12: Building] WARN  o.e.m.c.i.embedder.EclipseLogger - Using platform encoding (UTF-8 actually) to copy filtered resources, i.e. build is platform dependent!
2022-08-16 07:33:35,544 [Worker-12: Building] INFO  o.e.m.c.i.embedder.EclipseLogger - Copying 1 resource
2022-08-16 07:33:35,545 [Worker-12: Building] WARN  o.e.m.c.i.embedder.EclipseLogger - Using platform encoding (UTF-8 actually) to copy filtered resources, i.e. build is platform dependent!
2022-08-16 07:33:35,546 [Worker-12: Building] INFO  o.e.m.c.i.embedder.EclipseLogger - Copying 0 resource
2022-08-16 07:33:53,550 [Worker-7: Building] WARN  o.e.m.c.i.embedder.EclipseLogger - Using platform encoding (UTF-8 actually) to copy filtered resources, i.e. build is platform dependent!
2022-08-16 07:33:53,551 [Worker-7: Building] INFO  o.e.m.c.i.embedder.EclipseLogger - Copying 0 resource
2022-08-16 07:33:53,553 [Worker-7: Building] WARN  o.e.m.c.i.embedder.EclipseLogger - Using platform encoding (UTF-8 actually) to copy filtered resources, i.e. build is platform dependent!
2022-08-16 07:33:53,554 [Worker-7: Building] INFO  o.e.m.c.i.embedder.EclipseLogger - Copying 0 resource
2022-08-16 07:34:04,880 [Worker-4: Building] INFO  o.e.m.c.i.l.LifecycleMappingFactory - Using org.eclipse.m2e.jdt.JarLifecycleMapping lifecycle mapping for MavenProject: com.productapp:01_productapp:0.0.1-SNAPSHOT @ /home/raj/Desktop/SPRING_TRAINING_STUFF/code_stuff/1_core/05_productapp_java_config/pom.xml.
2022-08-16 07:34:04,908 [Worker-4: Building] WARN  o.e.m.c.i.embedder.EclipseLogger - Using platform encoding (UTF-8 actually) to copy filtered resources, i.e. build is platform dependent!
2022-08-16 07:34:04,908 [Worker-4: Building] INFO  o.e.m.c.i.embedder.EclipseLogger - Copying 0 resource
2022-08-16 07:34:04,911 [Worker-4: Building] WARN  o.e.m.c.i.embedder.EclipseLogger - Using platform encoding (UTF-8 actually) to copy filtered resources, i.e. build is platform dependent!
2022-08-16 07:34:04,911 [Worker-4: Building] INFO  o.e.m.c.i.embedder.EclipseLogger - Copying 0 resource
2022-08-16 07:34:10,748 [Worker-3: Updating Maven Project] INFO  o.e.m.c.i.p.ProjectConfigurationManager - Update started
2022-08-16 07:34:10,771 [Worker-3: Updating Maven Project] INFO  o.e.m.c.i.l.LifecycleMappingFactory - Using org.eclipse.m2e.jdt.JarLifecycleMapping lifecycle mapping for MavenProject: com.productapp:01_productapp:0.0.1-SNAPSHOT @ /home/raj/Desktop/SPRING_TRAINING_STUFF/code_stuff/1_core/05_productapp_java_config/pom.xml.
2022-08-16 07:34:10,798 [Worker-3: Updating Maven Project] INFO  o.e.m.j.i.AbstractJavaProjectConfigurator - Adding source folder /05_productapp_java_config/src/main/java
2022-08-16 07:34:10,799 [Worker-3: Updating Maven Project] INFO  o.e.m.j.i.AbstractJavaProjectConfigurator - Adding resource folder /05_productapp_java_config/src/main/resources
2022-08-16 07:34:10,799 [Worker-3: Updating Maven Project] INFO  o.e.m.j.i.AbstractJavaProjectConfigurator - Adding source folder /05_productapp_java_config/src/test/java
2022-08-16 07:34:10,799 [Worker-3: Updating Maven Project] INFO  o.e.m.j.i.AbstractJavaProjectConfigurator - Adding resource folder /05_productapp_java_config/src/test/resources
2022-08-16 07:34:10,839 [Worker-3: Updating Maven Project] INFO  o.e.m.c.i.p.ProjectConfigurationManager - Update completed: 0 sec
2022-08-16 07:34:11,214 [Worker-8: Building] WARN  o.e.m.c.i.embedder.EclipseLogger - Using platform encoding (UTF-8 actually) to copy filtered resources, i.e. build is platform dependent!
2022-08-16 07:34:11,215 [Worker-8: Building] INFO  o.e.m.c.i.embedder.EclipseLogger - Copying 1 resource
2022-08-16 07:34:11,216 [Worker-8: Building] WARN  o.e.m.c.i.embedder.EclipseLogger - Using platform encoding (UTF-8 actually) to copy filtered resources, i.e. build is platform dependent!
2022-08-16 07:34:11,217 [Worker-8: Building] INFO  o.e.m.c.i.embedder.EclipseLogger - Copying 0 resource
2022-08-16 07:34:31,268 [Worker-10: Building] WARN  o.e.m.c.i.embedder.EclipseLogger - Using platform encoding (UTF-8 actually) to copy filtered resources, i.e. build is platform dependent!
2022-08-16 07:34:31,268 [Worker-10: Building] INFO  o.e.m.c.i.embedder.EclipseLogger - Copying 0 resource
2022-08-16 07:34:31,269 [Worker-10: Building] WARN  o.e.m.c.i.embedder.EclipseLogger - Using platform encoding (UTF-8 actually) to copy filtered resources, i.e. build is platform dependent!
2022-08-16 07:34:31,270 [Worker-10: Building] INFO  o.e.m.c.i.embedder.EclipseLogger - Copying 0 resource
2022-08-16 07:34:38,293 [Worker-7: Building] INFO  o.e.m.c.i.l.LifecycleMappingFactory - Using org.eclipse.m2e.jdt.JarLifecycleMapping lifecycle mapping for MavenProject: com.productapp:01_productapp:0.0.1-SNAPSHOT @ /home/raj/Desktop/SPRING_TRAINING_STUFF/code_stuff/1_core/06_productapp_aop/pom.xml.
2022-08-16 07:34:38,318 [Worker-7: Building] WARN  o.e.m.c.i.embedder.EclipseLogger - Using platform encoding (UTF-8 actually) to copy filtered resources, i.e. build is platform dependent!
2022-08-16 07:34:38,318 [Worker-7: Building] INFO  o.e.m.c.i.embedder.EclipseLogger - Copying 0 resource
2022-08-16 07:34:38,319 [Worker-7: Building] WARN  o.e.m.c.i.embedder.EclipseLogger - Using platform encoding (UTF-8 actually) to copy filtered resources, i.e. build is platform dependent!
2022-08-16 07:34:38,320 [Worker-7: Building] INFO  o.e.m.c.i.embedder.EclipseLogger - Copying 0 resource
2022-08-16 07:34:44,849 [Worker-3: Updating Maven Project] INFO  o.e.m.c.i.p.ProjectConfigurationManager - Update started
2022-08-16 07:34:45,124 [Worker-3: Updating Maven Project] INFO  o.e.m.c.i.l.LifecycleMappingFactory - Using org.eclipse.m2e.jdt.JarLifecycleMapping lifecycle mapping for MavenProject: com.productapp:01_productapp:0.0.1-SNAPSHOT @ /home/raj/Desktop/SPRING_TRAINING_STUFF/code_stuff/1_core/03_productapp_bean_lifecycle/pom.xml.
2022-08-16 07:34:45,144 [Worker-3: Updating Maven Project] INFO  o.e.m.c.i.l.LifecycleMappingFactory - Using org.eclipse.m2e.jdt.JarLifecycleMapping lifecycle mapping for MavenProject: com.productapp:01_productapp:0.0.1-SNAPSHOT @ /home/raj/Desktop/SPRING_TRAINING_STUFF/code_stuff/1_core/05_productapp_java_config/pom.xml.
2022-08-16 07:34:45,158 [Worker-3: Updating Maven Project] INFO  o.e.m.c.i.l.LifecycleMappingFactory - Using org.eclipse.m2e.jdt.JarLifecycleMapping lifecycle mapping for MavenProject: com.productapp:01_productapp:0.0.1-SNAPSHOT @ /home/raj/Desktop/SPRING_TRAINING_STUFF/code_stuff/1_core/01_productapp_why_di/pom.xml.
2022-08-16 07:34:45,169 [Worker-3: Updating Maven Project] INFO  o.e.m.c.i.l.LifecycleMappingFactory - Using org.eclipse.m2e.jdt.JarLifecycleMapping lifecycle mapping for MavenProject: com.productapp:01_productapp:0.0.1-SNAPSHOT @ /home/raj/Desktop/SPRING_TRAINING_STUFF/code_stuff/1_core/04_productapp_annoatation/pom.xml.
2022-08-16 07:34:45,186 [Worker-3: Updating Maven Project] INFO  o.e.m.c.i.l.LifecycleMappingFactory - Using org.eclipse.m2e.jdt.JarLifecycleMapping lifecycle mapping for MavenProject: com.productapp:01_productapp:0.0.1-SNAPSHOT @ /home/raj/Desktop/SPRING_TRAINING_STUFF/code_stuff/1_core/06_productapp_aop/pom.xml.
2022-08-16 07:34:45,288 [Worker-3: Updating Maven Project] INFO  o.e.m.j.i.AbstractJavaProjectConfigurator - Adding source folder /06_productapp_aop/src/main/java
2022-08-16 07:34:45,288 [Worker-3: Updating Maven Project] INFO  o.e.m.j.i.AbstractJavaProjectConfigurator - Adding resource folder /06_productapp_aop/src/main/resources
2022-08-16 07:34:45,289 [Worker-3: Updating Maven Project] INFO  o.e.m.j.i.AbstractJavaProjectConfigurator - Adding source folder /06_productapp_aop/src/test/java
2022-08-16 07:34:45,289 [Worker-3: Updating Maven Project] INFO  o.e.m.j.i.AbstractJavaProjectConfigurator - Adding resource folder /06_productapp_aop/src/test/resources
2022-08-16 07:34:45,339 [Worker-3: Updating Maven Project] INFO  o.e.m.c.i.p.ProjectConfigurationManager - Update completed: 0 sec
2022-08-16 07:34:45,477 [Worker-6: Building] WARN  o.e.m.c.i.embedder.EclipseLogger - Using platform encoding (UTF-8 actually) to copy filtered resources, i.e. build is platform dependent!
2022-08-16 07:34:45,478 [Worker-6: Building] INFO  o.e.m.c.i.embedder.EclipseLogger - Copying 0 resource
2022-08-16 07:34:45,480 [Worker-6: Building] WARN  o.e.m.c.i.embedder.EclipseLogger - Using platform encoding (UTF-8 actually) to copy filtered resources, i.e. build is platform dependent!
2022-08-16 07:34:45,480 [Worker-6: Building] INFO  o.e.m.c.i.embedder.EclipseLogger - Copying 0 resource
2022-08-16 07:34:45,496 [Worker-6: Building] WARN  o.e.m.c.i.embedder.EclipseLogger - Using platform encoding (UTF-8 actually) to copy filtered resources, i.e. build is platform dependent!
2022-08-16 07:34:45,497 [Worker-6: Building] INFO  o.e.m.c.i.embedder.EclipseLogger - Copying 0 resource
2022-08-16 07:34:45,498 [Worker-6: Building] WARN  o.e.m.c.i.embedder.EclipseLogger - Using platform encoding (UTF-8 actually) to copy filtered resources, i.e. build is platform dependent!
2022-08-16 07:34:45,498 [Worker-6: Building] INFO  o.e.m.c.i.embedder.EclipseLogger - Copying 0 resource
2022-08-16 07:34:45,516 [Worker-6: Building] WARN  o.e.m.c.i.embedder.EclipseLogger - Using platform encoding (UTF-8 actually) to copy filtered resources, i.e. build is platform dependent!
2022-08-16 07:34:45,517 [Worker-6: Building] INFO  o.e.m.c.i.embedder.EclipseLogger - Copying 0 resource
2022-08-16 07:34:45,518 [Worker-6: Building] WARN  o.e.m.c.i.embedder.EclipseLogger - Using platform encoding (UTF-8 actually) to copy filtered resources, i.e. build is platform dependent!
2022-08-16 07:34:45,518 [Worker-6: Building] INFO  o.e.m.c.i.embedder.EclipseLogger - Copying 0 resource
2022-08-16 07:34:45,534 [Worker-6: Building] WARN  o.e.m.c.i.embedder.EclipseLogger - Using platform encoding (UTF-8 actually) to copy filtered resources, i.e. build is platform dependent!
2022-08-16 07:34:45,535 [Worker-6: Building] INFO  o.e.m.c.i.embedder.EclipseLogger - Copying 0 resource
2022-08-16 07:34:45,536 [Worker-6: Building] WARN  o.e.m.c.i.embedder.EclipseLogger - Using platform encoding (UTF-8 actually) to copy filtered resources, i.e. build is platform dependent!
2022-08-16 07:34:45,536 [Worker-6: Building] INFO  o.e.m.c.i.embedder.EclipseLogger - Copying 0 resource
2022-08-16 07:34:45,719 [Worker-6: Building] WARN  o.e.m.c.i.embedder.EclipseLogger - Using platform encoding (UTF-8 actually) to copy filtered resources, i.e. build is platform dependent!
2022-08-16 07:34:45,719 [Worker-6: Building] INFO  o.e.m.c.i.embedder.EclipseLogger - Copying 1 resource
2022-08-16 07:34:45,728 [Worker-6: Building] WARN  o.e.m.c.i.embedder.EclipseLogger - Using platform encoding (UTF-8 actually) to copy filtered resources, i.e. build is platform dependent!
2022-08-16 07:34:45,728 [Worker-6: Building] INFO  o.e.m.c.i.embedder.EclipseLogger - Copying 0 resource
2022-08-16 07:34:59,455 [Worker-2: Importing Maven projects] INFO  o.e.m.c.i.l.LifecycleMappingFactory - Using org.eclipse.m2e.jdt.JarLifecycleMapping lifecycle mapping for MavenProject: com.productapp:01_productapp:0.0.1-SNAPSHOT @ /home/raj/Desktop/SPRING_TRAINING_STUFF/code_stuff/1_core/07_productapp_jdbc_withoutspring/pom.xml.
2022-08-16 07:34:59,505 [Worker-2: Importing Maven projects] INFO  o.e.m.j.i.AbstractJavaProjectConfigurator - Adding source folder /07_productapp_jdbc_withoutspring/src/main/java
2022-08-16 07:34:59,505 [Worker-2: Importing Maven projects] INFO  o.e.m.j.i.AbstractJavaProjectConfigurator - Adding resource folder /07_productapp_jdbc_withoutspring/src/main/resources
2022-08-16 07:34:59,505 [Worker-2: Importing Maven projects] INFO  o.e.m.j.i.AbstractJavaProjectConfigurator - Adding source folder /07_productapp_jdbc_withoutspring/src/test/java
2022-08-16 07:34:59,506 [Worker-2: Importing Maven projects] INFO  o.e.m.j.i.AbstractJavaProjectConfigurator - Adding resource folder /07_productapp_jdbc_withoutspring/src/test/resources
2022-08-16 07:34:59,518 [Worker-2: Importing Maven projects] INFO  o.e.m.c.i.p.ProjectConfigurationManager - Imported and configured 1 project(s) in 0 sec
2022-08-16 07:34:59,724 [Worker-6: Building] WARN  o.e.m.c.i.embedder.EclipseLogger - Using platform encoding (UTF-8 actually) to copy filtered resources, i.e. build is platform dependent!
2022-08-16 07:34:59,725 [Worker-6: Building] INFO  o.e.m.c.i.embedder.EclipseLogger - Copying 2 resources
2022-08-16 07:34:59,726 [Worker-6: Building] WARN  o.e.m.c.i.embedder.EclipseLogger - Using platform encoding (UTF-8 actually) to copy filtered resources, i.e. build is platform dependent!
2022-08-16 07:34:59,727 [Worker-6: Building] INFO  o.e.m.c.i.embedder.EclipseLogger - Copying 0 resource
2022-08-16 07:35:09,300 [Worker-8: Building] INFO  o.e.m.c.i.l.LifecycleMappingFactory - Using org.eclipse.m2e.jdt.JarLifecycleMapping lifecycle mapping for MavenProject: com.productapp:01_productapp:0.0.1-SNAPSHOT @ /home/raj/Desktop/SPRING_TRAINING_STUFF/code_stuff/1_core/07_productapp_jdbc_withoutspring/pom.xml.
2022-08-16 07:35:09,331 [Worker-8: Building] WARN  o.e.m.c.i.embedder.EclipseLogger - Using platform encoding (UTF-8 actually) to copy filtered resources, i.e. build is platform dependent!
2022-08-16 07:35:09,332 [Worker-8: Building] INFO  o.e.m.c.i.embedder.EclipseLogger - Copying 0 resource
2022-08-16 07:35:09,333 [Worker-8: Building] WARN  o.e.m.c.i.embedder.EclipseLogger - Using platform encoding (UTF-8 actually) to copy filtered resources, i.e. build is platform dependent!
2022-08-16 07:35:09,333 [Worker-8: Building] INFO  o.e.m.c.i.embedder.EclipseLogger - Copying 0 resource
2022-08-16 07:35:19,931 [Worker-11: Building] WARN  o.e.m.c.i.embedder.EclipseLogger - Using platform encoding (UTF-8 actually) to copy filtered resources, i.e. build is platform dependent!
2022-08-16 07:35:19,932 [Worker-11: Building] INFO  o.e.m.c.i.embedder.EclipseLogger - Copying 0 resource
2022-08-16 07:35:19,937 [Worker-11: Building] WARN  o.e.m.c.i.embedder.EclipseLogger - Using platform encoding (UTF-8 actually) to copy filtered resources, i.e. build is platform dependent!
2022-08-16 07:35:19,938 [Worker-11: Building] INFO  o.e.m.c.i.embedder.EclipseLogger - Copying 0 resource
2022-08-16 07:35:25,459 [Worker-12: Updating Maven Project] INFO  o.e.m.c.i.p.ProjectConfigurationManager - Update started
2022-08-16 07:35:25,475 [Worker-12: Updating Maven Project] INFO  o.e.m.c.i.l.LifecycleMappingFactory - Using org.eclipse.m2e.jdt.JarLifecycleMapping lifecycle mapping for MavenProject: com.productapp:01_productapp:0.0.1-SNAPSHOT @ /home/raj/Desktop/SPRING_TRAINING_STUFF/code_stuff/1_core/07_productapp_jdbc_withoutspring/pom.xml.
2022-08-16 07:35:25,511 [Worker-12: Updating Maven Project] INFO  o.e.m.j.i.AbstractJavaProjectConfigurator - Adding source folder /07_productapp_jdbc_withoutspring/src/main/java
2022-08-16 07:35:25,512 [Worker-12: Updating Maven Project] INFO  o.e.m.j.i.AbstractJavaProjectConfigurator - Adding resource folder /07_productapp_jdbc_withoutspring/src/main/resources
2022-08-16 07:35:25,512 [Worker-12: Updating Maven Project] INFO  o.e.m.j.i.AbstractJavaProjectConfigurator - Adding source folder /07_productapp_jdbc_withoutspring/src/test/java
2022-08-16 07:35:25,512 [Worker-12: Updating Maven Project] INFO  o.e.m.j.i.AbstractJavaProjectConfigurator - Adding resource folder /07_productapp_jdbc_withoutspring/src/test/resources
2022-08-16 07:35:25,564 [Worker-12: Updating Maven Project] INFO  o.e.m.c.i.p.ProjectConfigurationManager - Update completed: 0 sec
2022-08-16 07:35:26,438 [Worker-11: Building] WARN  o.e.m.c.i.embedder.EclipseLogger - Using platform encoding (UTF-8 actually) to copy filtered resources, i.e. build is platform dependent!
2022-08-16 07:35:26,438 [Worker-11: Building] INFO  o.e.m.c.i.embedder.EclipseLogger - Copying 2 resources
2022-08-16 07:35:26,440 [Worker-11: Building] WARN  o.e.m.c.i.embedder.EclipseLogger - Using platform encoding (UTF-8 actually) to copy filtered resources, i.e. build is platform dependent!
2022-08-16 07:35:26,441 [Worker-11: Building] INFO  o.e.m.c.i.embedder.EclipseLogger - Copying 0 resource
2022-08-16 07:35:41,736 [Worker-10: Importing Maven projects] INFO  o.e.m.c.i.l.LifecycleMappingFactory - Using org.eclipse.m2e.jdt.JarLifecycleMapping lifecycle mapping for MavenProject: com.productapp:01_productapp:0.0.1-SNAPSHOT @ /home/raj/Desktop/SPRING_TRAINING_STUFF/code_stuff/1_core/08_productapp_jdbc/pom.xml.
2022-08-16 07:35:41,833 [Worker-10: Importing Maven projects] INFO  o.e.m.j.i.AbstractJavaProjectConfigurator - Adding source folder /08_productapp_jdbc/src/main/java
2022-08-16 07:35:41,833 [Worker-10: Importing Maven projects] INFO  o.e.m.j.i.AbstractJavaProjectConfigurator - Adding resource folder /08_productapp_jdbc/src/main/resources
2022-08-16 07:35:41,833 [Worker-10: Importing Maven projects] INFO  o.e.m.j.i.AbstractJavaProjectConfigurator - Adding source folder /08_productapp_jdbc/src/test/java
2022-08-16 07:35:41,834 [Worker-10: Importing Maven projects] INFO  o.e.m.j.i.AbstractJavaProjectConfigurator - Adding resource folder /08_productapp_jdbc/src/test/resources
2022-08-16 07:35:41,858 [Worker-10: Importing Maven projects] INFO  o.e.m.c.i.p.ProjectConfigurationManager - Imported and configured 1 project(s) in 0 sec
2022-08-16 07:35:42,144 [Worker-2: Building] WARN  o.e.m.c.i.embedder.EclipseLogger - Using platform encoding (UTF-8 actually) to copy filtered resources, i.e. build is platform dependent!
2022-08-16 07:35:42,145 [Worker-2: Building] INFO  o.e.m.c.i.embedder.EclipseLogger - Copying 3 resources
2022-08-16 07:35:42,146 [Worker-2: Building] WARN  o.e.m.c.i.embedder.EclipseLogger - Using platform encoding (UTF-8 actually) to copy filtered resources, i.e. build is platform dependent!
2022-08-16 07:35:42,147 [Worker-2: Building] INFO  o.e.m.c.i.embedder.EclipseLogger - Copying 0 resource
2022-08-16 07:35:48,959 [Worker-1: Building] INFO  o.e.m.c.i.l.LifecycleMappingFactory - Using org.eclipse.m2e.jdt.JarLifecycleMapping lifecycle mapping for MavenProject: com.productapp:01_productapp:0.0.1-SNAPSHOT @ /home/raj/Desktop/SPRING_TRAINING_STUFF/code_stuff/1_core/08_productapp_jdbc/pom.xml.
2022-08-16 07:35:48,999 [Worker-1: Building] WARN  o.e.m.c.i.embedder.EclipseLogger - Using platform encoding (UTF-8 actually) to copy filtered resources, i.e. build is platform dependent!
2022-08-16 07:35:48,999 [Worker-1: Building] INFO  o.e.m.c.i.embedder.EclipseLogger - Copying 0 resource
2022-08-16 07:35:49,000 [Worker-1: Building] WARN  o.e.m.c.i.embedder.EclipseLogger - Using platform encoding (UTF-8 actually) to copy filtered resources, i.e. build is platform dependent!
2022-08-16 07:35:49,001 [Worker-1: Building] INFO  o.e.m.c.i.embedder.EclipseLogger - Copying 0 resource
2022-08-16 07:36:03,978 [Worker-9: Building] WARN  o.e.m.c.i.embedder.EclipseLogger - Using platform encoding (UTF-8 actually) to copy filtered resources, i.e. build is platform dependent!
2022-08-16 07:36:03,979 [Worker-9: Building] INFO  o.e.m.c.i.embedder.EclipseLogger - Copying 0 resource
2022-08-16 07:36:03,980 [Worker-9: Building] WARN  o.e.m.c.i.embedder.EclipseLogger - Using platform encoding (UTF-8 actually) to copy filtered resources, i.e. build is platform dependent!
2022-08-16 07:36:03,980 [Worker-9: Building] INFO  o.e.m.c.i.embedder.EclipseLogger - Copying 0 resource
2022-08-16 07:36:12,214 [Worker-2: Updating Maven Project] INFO  o.e.m.c.i.p.ProjectConfigurationManager - Update started
2022-08-16 07:36:12,245 [Worker-2: Updating Maven Project] INFO  o.e.m.c.i.l.LifecycleMappingFactory - Using org.eclipse.m2e.jdt.JarLifecycleMapping lifecycle mapping for MavenProject: com.productapp:01_productapp:0.0.1-SNAPSHOT @ /home/raj/Desktop/SPRING_TRAINING_STUFF/code_stuff/1_core/08_productapp_jdbc/pom.xml.
2022-08-16 07:36:12,282 [Worker-2: Updating Maven Project] INFO  o.e.m.j.i.AbstractJavaProjectConfigurator - Adding source folder /08_productapp_jdbc/src/main/java
2022-08-16 07:36:12,282 [Worker-2: Updating Maven Project] INFO  o.e.m.j.i.AbstractJavaProjectConfigurator - Adding resource folder /08_productapp_jdbc/src/main/resources
2022-08-16 07:36:12,282 [Worker-2: Updating Maven Project] INFO  o.e.m.j.i.AbstractJavaProjectConfigurator - Adding source folder /08_productapp_jdbc/src/test/java
2022-08-16 07:36:12,282 [Worker-2: Updating Maven Project] INFO  o.e.m.j.i.AbstractJavaProjectConfigurator - Adding resource folder /08_productapp_jdbc/src/test/resources
2022-08-16 07:36:12,338 [Worker-2: Updating Maven Project] INFO  o.e.m.c.i.p.ProjectConfigurationManager - Update completed: 0 sec
2022-08-16 07:36:12,680 [Worker-11: Building] WARN  o.e.m.c.i.embedder.EclipseLogger - Using platform encoding (UTF-8 actually) to copy filtered resources, i.e. build is platform dependent!
2022-08-16 07:36:12,681 [Worker-11: Building] INFO  o.e.m.c.i.embedder.EclipseLogger - Copying 3 resources
2022-08-16 07:36:12,683 [Worker-11: Building] WARN  o.e.m.c.i.embedder.EclipseLogger - Using platform encoding (UTF-8 actually) to copy filtered resources, i.e. build is platform dependent!
2022-08-16 07:36:12,683 [Worker-11: Building] INFO  o.e.m.c.i.embedder.EclipseLogger - Copying 0 resource
2022-08-16 07:36:26,526 [Worker-0: Importing Maven projects] INFO  o.e.m.c.i.l.LifecycleMappingFactory - Using org.eclipse.m2e.jdt.JarLifecycleMapping lifecycle mapping for MavenProject: com.productapp:01_productapp:0.0.1-SNAPSHOT @ /home/raj/Desktop/SPRING_TRAINING_STUFF/code_stuff/1_core/09_productapp_jdbc_template/pom.xml.
2022-08-16 07:36:26,569 [Worker-0: Importing Maven projects] INFO  o.e.m.j.i.AbstractJavaProjectConfigurator - Adding source folder /09_productapp_jdbc_template/src/main/java
2022-08-16 07:36:26,569 [Worker-0: Importing Maven projects] INFO  o.e.m.j.i.AbstractJavaProjectConfigurator - Adding resource folder /09_productapp_jdbc_template/src/main/resources
2022-08-16 07:36:26,570 [Worker-0: Importing Maven projects] INFO  o.e.m.j.i.AbstractJavaProjectConfigurator - Adding source folder /09_productapp_jdbc_template/src/test/java
2022-08-16 07:36:26,570 [Worker-0: Importing Maven projects] INFO  o.e.m.j.i.AbstractJavaProjectConfigurator - Adding resource folder /09_productapp_jdbc_template/src/test/resources
2022-08-16 07:36:26,597 [Worker-0: Importing Maven projects] INFO  o.e.m.c.i.p.ProjectConfigurationManager - Imported and configured 1 project(s) in 0 sec
2022-08-16 07:36:26,807 [Worker-9: Building] WARN  o.e.m.c.i.embedder.EclipseLogger - Using platform encoding (UTF-8 actually) to copy filtered resources, i.e. build is platform dependent!
2022-08-16 07:36:26,807 [Worker-9: Building] INFO  o.e.m.c.i.embedder.EclipseLogger - Copying 3 resources
2022-08-16 07:36:26,808 [Worker-9: Building] WARN  o.e.m.c.i.embedder.EclipseLogger - Using platform encoding (UTF-8 actually) to copy filtered resources, i.e. build is platform dependent!
2022-08-16 07:36:26,809 [Worker-9: Building] INFO  o.e.m.c.i.embedder.EclipseLogger - Copying 0 resource
2022-08-16 07:36:46,888 [Worker-9: Building] WARN  o.e.m.c.i.embedder.EclipseLogger - Using platform encoding (UTF-8 actually) to copy filtered resources, i.e. build is platform dependent!
2022-08-16 07:36:46,890 [Worker-9: Building] INFO  o.e.m.c.i.embedder.EclipseLogger - Copying 0 resource
2022-08-16 07:36:46,892 [Worker-9: Building] WARN  o.e.m.c.i.embedder.EclipseLogger - Using platform encoding (UTF-8 actually) to copy filtered resources, i.e. build is platform dependent!
2022-08-16 07:36:46,894 [Worker-9: Building] INFO  o.e.m.c.i.embedder.EclipseLogger - Copying 0 resource
2022-08-16 07:36:54,850 [Worker-3: Building] INFO  o.e.m.c.i.l.LifecycleMappingFactory - Using org.eclipse.m2e.jdt.JarLifecycleMapping lifecycle mapping for MavenProject: com.productapp:01_productapp:0.0.1-SNAPSHOT @ /home/raj/Desktop/SPRING_TRAINING_STUFF/code_stuff/1_core/09_productapp_jdbc_template/pom.xml.
2022-08-16 07:36:54,916 [Worker-3: Building] WARN  o.e.m.c.i.embedder.EclipseLogger - Using platform encoding (UTF-8 actually) to copy filtered resources, i.e. build is platform dependent!
2022-08-16 07:36:54,917 [Worker-3: Building] INFO  o.e.m.c.i.embedder.EclipseLogger - Copying 0 resource
2022-08-16 07:36:54,921 [Worker-3: Building] WARN  o.e.m.c.i.embedder.EclipseLogger - Using platform encoding (UTF-8 actually) to copy filtered resources, i.e. build is platform dependent!
2022-08-16 07:36:54,922 [Worker-3: Building] INFO  o.e.m.c.i.embedder.EclipseLogger - Copying 0 resource
2022-08-16 07:37:00,619 [Worker-12: Updating Maven Project] INFO  o.e.m.c.i.p.ProjectConfigurationManager - Update started
2022-08-16 07:37:00,641 [Worker-12: Updating Maven Project] INFO  o.e.m.c.i.l.LifecycleMappingFactory - Using org.eclipse.m2e.jdt.JarLifecycleMapping lifecycle mapping for MavenProject: com.productapp:01_productapp:0.0.1-SNAPSHOT @ /home/raj/Desktop/SPRING_TRAINING_STUFF/code_stuff/1_core/09_productapp_jdbc_template/pom.xml.
2022-08-16 07:37:00,678 [Worker-12: Updating Maven Project] INFO  o.e.m.j.i.AbstractJavaProjectConfigurator - Adding source folder /09_productapp_jdbc_template/src/main/java
2022-08-16 07:37:00,679 [Worker-12: Updating Maven Project] INFO  o.e.m.j.i.AbstractJavaProjectConfigurator - Adding resource folder /09_productapp_jdbc_template/src/main/resources
2022-08-16 07:37:00,679 [Worker-12: Updating Maven Project] INFO  o.e.m.j.i.AbstractJavaProjectConfigurator - Adding source folder /09_productapp_jdbc_template/src/test/java
2022-08-16 07:37:00,679 [Worker-12: Updating Maven Project] INFO  o.e.m.j.i.AbstractJavaProjectConfigurator - Adding resource folder /09_productapp_jdbc_template/src/test/resources
2022-08-16 07:37:00,740 [Worker-12: Updating Maven Project] INFO  o.e.m.c.i.p.ProjectConfigurationManager - Update completed: 0 sec
2022-08-16 07:37:01,559 [Worker-7: Building] WARN  o.e.m.c.i.embedder.EclipseLogger - Using platform encoding (UTF-8 actually) to copy filtered resources, i.e. build is platform dependent!
2022-08-16 07:37:01,562 [Worker-7: Building] INFO  o.e.m.c.i.embedder.EclipseLogger - Copying 3 resources
2022-08-16 07:37:01,564 [Worker-7: Building] WARN  o.e.m.c.i.embedder.EclipseLogger - Using platform encoding (UTF-8 actually) to copy filtered resources, i.e. build is platform dependent!
2022-08-16 07:37:01,564 [Worker-7: Building] INFO  o.e.m.c.i.embedder.EclipseLogger - Copying 0 resource
2022-08-16 07:37:17,068 [Worker-0: Importing Maven projects] INFO  o.e.m.c.i.l.LifecycleMappingFactory - Using org.eclipse.m2e.jdt.JarLifecycleMapping lifecycle mapping for MavenProject: com.productapp:01_productapp:0.0.1-SNAPSHOT @ /home/raj/Desktop/SPRING_TRAINING_STUFF/code_stuff/1_core/10_productapp_jdbc_java/pom.xml.
2022-08-16 07:37:17,103 [Worker-0: Importing Maven projects] INFO  o.e.m.j.i.AbstractJavaProjectConfigurator - Adding source folder /10_productapp_jdbc_java/src/main/java
2022-08-16 07:37:17,103 [Worker-0: Importing Maven projects] INFO  o.e.m.j.i.AbstractJavaProjectConfigurator - Adding resource folder /10_productapp_jdbc_java/src/main/resources
2022-08-16 07:37:17,103 [Worker-0: Importing Maven projects] INFO  o.e.m.j.i.AbstractJavaProjectConfigurator - Adding source folder /10_productapp_jdbc_java/src/test/java
2022-08-16 07:37:17,103 [Worker-0: Importing Maven projects] INFO  o.e.m.j.i.AbstractJavaProjectConfigurator - Adding resource folder /10_productapp_jdbc_java/src/test/resources
2022-08-16 07:37:17,135 [Worker-0: Importing Maven projects] INFO  o.e.m.c.i.p.ProjectConfigurationManager - Imported and configured 1 project(s) in 0 sec
2022-08-16 07:37:17,351 [Worker-1: Building] WARN  o.e.m.c.i.embedder.EclipseLogger - Using platform encoding (UTF-8 actually) to copy filtered resources, i.e. build is platform dependent!
2022-08-16 07:37:17,351 [Worker-1: Building] INFO  o.e.m.c.i.embedder.EclipseLogger - Copying 2 resources
2022-08-16 07:37:17,352 [Worker-1: Building] WARN  o.e.m.c.i.embedder.EclipseLogger - Using platform encoding (UTF-8 actually) to copy filtered resources, i.e. build is platform dependent!
2022-08-16 07:37:17,353 [Worker-1: Building] INFO  o.e.m.c.i.embedder.EclipseLogger - Copying 0 resource
2022-08-16 07:37:28,864 [Worker-4: Building] WARN  o.e.m.c.i.embedder.EclipseLogger - Using platform encoding (UTF-8 actually) to copy filtered resources, i.e. build is platform dependent!
2022-08-16 07:37:28,866 [Worker-4: Building] INFO  o.e.m.c.i.embedder.EclipseLogger - Copying 0 resource
2022-08-16 07:37:28,868 [Worker-4: Building] WARN  o.e.m.c.i.embedder.EclipseLogger - Using platform encoding (UTF-8 actually) to copy filtered resources, i.e. build is platform dependent!
2022-08-16 07:37:28,869 [Worker-4: Building] INFO  o.e.m.c.i.embedder.EclipseLogger - Copying 0 resource
2022-08-16 07:37:38,105 [Worker-1: Building] INFO  o.e.m.c.i.l.LifecycleMappingFactory - Using org.eclipse.m2e.jdt.JarLifecycleMapping lifecycle mapping for MavenProject: com.productapp:01_productapp:0.0.1-SNAPSHOT @ /home/raj/Desktop/SPRING_TRAINING_STUFF/code_stuff/1_core/10_productapp_jdbc_java/pom.xml.
2022-08-16 07:37:38,138 [Worker-1: Building] WARN  o.e.m.c.i.embedder.EclipseLogger - Using platform encoding (UTF-8 actually) to copy filtered resources, i.e. build is platform dependent!
2022-08-16 07:37:38,138 [Worker-1: Building] INFO  o.e.m.c.i.embedder.EclipseLogger - Copying 0 resource
2022-08-16 07:37:38,139 [Worker-1: Building] WARN  o.e.m.c.i.embedder.EclipseLogger - Using platform encoding (UTF-8 actually) to copy filtered resources, i.e. build is platform dependent!
2022-08-16 07:37:38,140 [Worker-1: Building] INFO  o.e.m.c.i.embedder.EclipseLogger - Copying 0 resource
2022-08-16 07:37:47,770 [Worker-2: Updating Maven Project] INFO  o.e.m.c.i.p.ProjectConfigurationManager - Update started
2022-08-16 07:37:47,784 [Worker-2: Updating Maven Project] INFO  o.e.m.c.i.l.LifecycleMappingFactory - Using org.eclipse.m2e.jdt.JarLifecycleMapping lifecycle mapping for MavenProject: com.productapp:01_productapp:0.0.1-SNAPSHOT @ /home/raj/Desktop/SPRING_TRAINING_STUFF/code_stuff/1_core/10_productapp_jdbc_java/pom.xml.
2022-08-16 07:37:47,828 [Worker-2: Updating Maven Project] INFO  o.e.m.j.i.AbstractJavaProjectConfigurator - Adding source folder /10_productapp_jdbc_java/src/main/java
2022-08-16 07:37:47,828 [Worker-2: Updating Maven Project] INFO  o.e.m.j.i.AbstractJavaProjectConfigurator - Adding resource folder /10_productapp_jdbc_java/src/main/resources
2022-08-16 07:37:47,828 [Worker-2: Updating Maven Project] INFO  o.e.m.j.i.AbstractJavaProjectConfigurator - Adding source folder /10_productapp_jdbc_java/src/test/java
2022-08-16 07:37:47,828 [Worker-2: Updating Maven Project] INFO  o.e.m.j.i.AbstractJavaProjectConfigurator - Adding resource folder /10_productapp_jdbc_java/src/test/resources
2022-08-16 07:37:47,898 [Worker-2: Updating Maven Project] INFO  o.e.m.c.i.p.ProjectConfigurationManager - Update completed: 0 sec
2022-08-16 07:37:48,154 [Worker-4: Building] WARN  o.e.m.c.i.embedder.EclipseLogger - Using platform encoding (UTF-8 actually) to copy filtered resources, i.e. build is platform dependent!
2022-08-16 07:37:48,155 [Worker-4: Building] INFO  o.e.m.c.i.embedder.EclipseLogger - Copying 2 resources
2022-08-16 07:37:48,156 [Worker-4: Building] WARN  o.e.m.c.i.embedder.EclipseLogger - Using platform encoding (UTF-8 actually) to copy filtered resources, i.e. build is platform dependent!
2022-08-16 07:37:48,157 [Worker-4: Building] INFO  o.e.m.c.i.embedder.EclipseLogger - Copying 0 resource
2022-08-16 07:38:02,328 [Worker-9: Importing Maven projects] INFO  o.e.m.c.i.l.LifecycleMappingFactory - Using org.eclipse.m2e.jdt.JarLifecycleMapping lifecycle mapping for MavenProject: com.productapp:01_productapp:0.0.1-SNAPSHOT @ /home/raj/Desktop/SPRING_TRAINING_STUFF/code_stuff/1_core/11_productapp_hibernate/pom.xml.
2022-08-16 07:38:02,569 [Worker-9: Importing Maven projects] INFO  o.e.m.j.i.AbstractJavaProjectConfigurator - Adding source folder /11_productapp_hibernate/src/main/java
2022-08-16 07:38:02,569 [Worker-9: Importing Maven projects] INFO  o.e.m.j.i.AbstractJavaProjectConfigurator - Adding resource folder /11_productapp_hibernate/src/main/resources
2022-08-16 07:38:02,569 [Worker-9: Importing Maven projects] INFO  o.e.m.j.i.AbstractJavaProjectConfigurator - Adding source folder /11_productapp_hibernate/src/test/java
2022-08-16 07:38:02,569 [Worker-9: Importing Maven projects] INFO  o.e.m.j.i.AbstractJavaProjectConfigurator - Adding resource folder /11_productapp_hibernate/src/test/resources
2022-08-16 07:38:02,598 [Worker-9: Importing Maven projects] INFO  o.e.m.c.i.p.ProjectConfigurationManager - Imported and configured 1 project(s) in 0 sec
2022-08-16 07:38:02,875 [Worker-3: Building] WARN  o.e.m.c.i.embedder.EclipseLogger - Using platform encoding (UTF-8 actually) to copy filtered resources, i.e. build is platform dependent!
2022-08-16 07:38:02,876 [Worker-3: Building] INFO  o.e.m.c.i.embedder.EclipseLogger - Copying 3 resources
2022-08-16 07:38:02,877 [Worker-3: Building] WARN  o.e.m.c.i.embedder.EclipseLogger - Using platform encoding (UTF-8 actually) to copy filtered resources, i.e. build is platform dependent!
2022-08-16 07:38:02,878 [Worker-3: Building] INFO  o.e.m.c.i.embedder.EclipseLogger - Copying 0 resource
2022-08-16 07:38:53,126 [Worker-12: Building] INFO  o.e.m.c.i.l.LifecycleMappingFactory - Using org.eclipse.m2e.jdt.JarLifecycleMapping lifecycle mapping for MavenProject: com.productapp:01_productapp:0.0.1-SNAPSHOT @ /home/raj/Desktop/SPRING_TRAINING_STUFF/code_stuff/1_core/11_productapp_hibernate/pom.xml.
2022-08-16 07:38:53,181 [Worker-12: Building] WARN  o.e.m.c.i.embedder.EclipseLogger - Using platform encoding (UTF-8 actually) to copy filtered resources, i.e. build is platform dependent!
2022-08-16 07:38:53,181 [Worker-12: Building] INFO  o.e.m.c.i.embedder.EclipseLogger - Copying 0 resource
2022-08-16 07:38:53,182 [Worker-12: Building] WARN  o.e.m.c.i.embedder.EclipseLogger - Using platform encoding (UTF-8 actually) to copy filtered resources, i.e. build is platform dependent!
2022-08-16 07:38:53,183 [Worker-12: Building] INFO  o.e.m.c.i.embedder.EclipseLogger - Copying 0 resource
2022-08-16 07:38:59,276 [Worker-3: Building] INFO  o.e.m.c.i.l.LifecycleMappingFactory - Using org.eclipse.m2e.jdt.JarLifecycleMapping lifecycle mapping for MavenProject: com.productapp:01_productapp:0.0.1-SNAPSHOT @ /home/raj/Desktop/SPRING_TRAINING_STUFF/code_stuff/1_core/11_productapp_hibernate/pom.xml.
2022-08-16 07:38:59,315 [Worker-3: Building] WARN  o.e.m.c.i.embedder.EclipseLogger - Using platform encoding (UTF-8 actually) to copy filtered resources, i.e. build is platform dependent!
2022-08-16 07:38:59,316 [Worker-3: Building] INFO  o.e.m.c.i.embedder.EclipseLogger - Copying 0 resource
2022-08-16 07:38:59,317 [Worker-3: Building] WARN  o.e.m.c.i.embedder.EclipseLogger - Using platform encoding (UTF-8 actually) to copy filtered resources, i.e. build is platform dependent!
2022-08-16 07:38:59,317 [Worker-3: Building] INFO  o.e.m.c.i.embedder.EclipseLogger - Copying 0 resource
2022-08-16 07:39:11,661 [Worker-3: Building] WARN  o.e.m.c.i.embedder.EclipseLogger - Using platform encoding (UTF-8 actually) to copy filtered resources, i.e. build is platform dependent!
2022-08-16 07:39:11,661 [Worker-3: Building] INFO  o.e.m.c.i.embedder.EclipseLogger - Copying 0 resource
2022-08-16 07:39:11,662 [Worker-3: Building] WARN  o.e.m.c.i.embedder.EclipseLogger - Using platform encoding (UTF-8 actually) to copy filtered resources, i.e. build is platform dependent!
2022-08-16 07:39:11,663 [Worker-3: Building] INFO  o.e.m.c.i.embedder.EclipseLogger - Copying 0 resource
2022-08-16 07:39:17,051 [Worker-10: Updating Maven Project] INFO  o.e.m.c.i.p.ProjectConfigurationManager - Update started
2022-08-16 07:39:17,070 [Worker-10: Updating Maven Project] INFO  o.e.m.c.i.l.LifecycleMappingFactory - Using org.eclipse.m2e.jdt.JarLifecycleMapping lifecycle mapping for MavenProject: com.productapp:01_productapp:0.0.1-SNAPSHOT @ /home/raj/Desktop/SPRING_TRAINING_STUFF/code_stuff/1_core/11_productapp_hibernate/pom.xml.
2022-08-16 07:39:17,132 [Worker-10: Updating Maven Project] INFO  o.e.m.j.i.AbstractJavaProjectConfigurator - Adding source folder /11_productapp_hibernate/src/main/java
2022-08-16 07:39:17,133 [Worker-10: Updating Maven Project] INFO  o.e.m.j.i.AbstractJavaProjectConfigurator - Adding resource folder /11_productapp_hibernate/src/main/resources
2022-08-16 07:39:17,133 [Worker-10: Updating Maven Project] INFO  o.e.m.j.i.AbstractJavaProjectConfigurator - Adding source folder /11_productapp_hibernate/src/test/java
2022-08-16 07:39:17,133 [Worker-10: Updating Maven Project] INFO  o.e.m.j.i.AbstractJavaProjectConfigurator - Adding resource folder /11_productapp_hibernate/src/test/resources
2022-08-16 07:39:17,197 [Worker-10: Updating Maven Project] INFO  o.e.m.c.i.p.ProjectConfigurationManager - Update completed: 0 sec
2022-08-16 07:39:17,700 [Worker-8: Building] WARN  o.e.m.c.i.embedder.EclipseLogger - Using platform encoding (UTF-8 actually) to copy filtered resources, i.e. build is platform dependent!
2022-08-16 07:39:17,701 [Worker-8: Building] INFO  o.e.m.c.i.embedder.EclipseLogger - Copying 3 resources
2022-08-16 07:39:17,713 [Worker-8: Building] WARN  o.e.m.c.i.embedder.EclipseLogger - Using platform encoding (UTF-8 actually) to copy filtered resources, i.e. build is platform dependent!
2022-08-16 07:39:17,714 [Worker-8: Building] INFO  o.e.m.c.i.embedder.EclipseLogger - Copying 0 resource
2022-08-16 07:40:41,859 [Worker-5: Importing Maven projects] INFO  o.e.m.c.i.l.LifecycleMappingFactory - Using org.eclipse.m2e.jdt.JarLifecycleMapping lifecycle mapping for MavenProject: com.productapp:01_productapp:0.0.1-SNAPSHOT @ /home/raj/Desktop/SPRING_TRAINING_STUFF/code_stuff/1_core/12_productapp_hibernate_java/pom.xml.
2022-08-16 07:40:41,947 [Worker-5: Importing Maven projects] INFO  o.e.m.j.i.AbstractJavaProjectConfigurator - Adding source folder /12_productapp_hibernate_java/src/main/java
2022-08-16 07:40:41,948 [Worker-5: Importing Maven projects] INFO  o.e.m.j.i.AbstractJavaProjectConfigurator - Adding resource folder /12_productapp_hibernate_java/src/main/resources
2022-08-16 07:40:41,948 [Worker-5: Importing Maven projects] INFO  o.e.m.j.i.AbstractJavaProjectConfigurator - Adding source folder /12_productapp_hibernate_java/src/test/java
2022-08-16 07:40:41,948 [Worker-5: Importing Maven projects] INFO  o.e.m.j.i.AbstractJavaProjectConfigurator - Adding resource folder /12_productapp_hibernate_java/src/test/resources
2022-08-16 07:40:41,970 [Worker-5: Importing Maven projects] INFO  o.e.m.c.i.p.ProjectConfigurationManager - Imported and configured 1 project(s) in 0 sec
2022-08-16 07:40:42,279 [Worker-5: Building] WARN  o.e.m.c.i.embedder.EclipseLogger - Using platform encoding (UTF-8 actually) to copy filtered resources, i.e. build is platform dependent!
2022-08-16 07:40:42,280 [Worker-5: Building] INFO  o.e.m.c.i.embedder.EclipseLogger - Copying 2 resources
2022-08-16 07:40:42,281 [Worker-5: Building] WARN  o.e.m.c.i.embedder.EclipseLogger - Using platform encoding (UTF-8 actually) to copy filtered resources, i.e. build is platform dependent!
2022-08-16 07:40:42,281 [Worker-5: Building] INFO  o.e.m.c.i.embedder.EclipseLogger - Copying 0 resource
2022-08-16 07:41:15,146 [Worker-11: Building] INFO  o.e.m.c.i.l.LifecycleMappingFactory - Using org.eclipse.m2e.jdt.JarLifecycleMapping lifecycle mapping for MavenProject: com.productapp:01_productapp:0.0.1-SNAPSHOT @ /home/raj/Desktop/SPRING_TRAINING_STUFF/code_stuff/1_core/12_productapp_hibernate_java/pom.xml.
2022-08-16 07:41:15,219 [Worker-11: Building] WARN  o.e.m.c.i.embedder.EclipseLogger - Using platform encoding (UTF-8 actually) to copy filtered resources, i.e. build is platform dependent!
2022-08-16 07:41:15,220 [Worker-11: Building] INFO  o.e.m.c.i.embedder.EclipseLogger - Copying 0 resource
2022-08-16 07:41:15,221 [Worker-11: Building] WARN  o.e.m.c.i.embedder.EclipseLogger - Using platform encoding (UTF-8 actually) to copy filtered resources, i.e. build is platform dependent!
2022-08-16 07:41:15,221 [Worker-11: Building] INFO  o.e.m.c.i.embedder.EclipseLogger - Copying 0 resource
2022-08-16 07:41:35,393 [Worker-9: Building] INFO  o.e.m.c.i.l.LifecycleMappingFactory - Using org.eclipse.m2e.jdt.JarLifecycleMapping lifecycle mapping for MavenProject: com.productapp:01_productapp:0.0.1-SNAPSHOT @ /home/raj/Desktop/SPRING_TRAINING_STUFF/code_stuff/1_core/12_productapp_hibernate_java/pom.xml.
2022-08-16 07:41:35,500 [Worker-9: Building] WARN  o.e.m.c.i.embedder.EclipseLogger - Using platform encoding (UTF-8 actually) to copy filtered resources, i.e. build is platform dependent!
2022-08-16 07:41:35,501 [Worker-9: Building] INFO  o.e.m.c.i.embedder.EclipseLogger - Copying 0 resource
2022-08-16 07:41:35,503 [Worker-9: Building] WARN  o.e.m.c.i.embedder.EclipseLogger - Using platform encoding (UTF-8 actually) to copy filtered resources, i.e. build is platform dependent!
2022-08-16 07:41:35,505 [Worker-9: Building] INFO  o.e.m.c.i.embedder.EclipseLogger - Copying 0 resource
2022-08-16 07:41:41,963 [Worker-2: Updating Maven Project] INFO  o.e.m.c.i.p.ProjectConfigurationManager - Update started
2022-08-16 07:41:41,980 [Worker-2: Updating Maven Project] INFO  o.e.m.c.i.l.LifecycleMappingFactory - Using org.eclipse.m2e.jdt.JarLifecycleMapping lifecycle mapping for MavenProject: com.productapp:01_productapp:0.0.1-SNAPSHOT @ /home/raj/Desktop/SPRING_TRAINING_STUFF/code_stuff/1_core/12_productapp_hibernate_java/pom.xml.
2022-08-16 07:41:42,027 [Worker-2: Updating Maven Project] INFO  o.e.m.j.i.AbstractJavaProjectConfigurator - Adding source folder /12_productapp_hibernate_java/src/main/java
2022-08-16 07:41:42,027 [Worker-2: Updating Maven Project] INFO  o.e.m.j.i.AbstractJavaProjectConfigurator - Adding resource folder /12_productapp_hibernate_java/src/main/resources
2022-08-16 07:41:42,028 [Worker-2: Updating Maven Project] INFO  o.e.m.j.i.AbstractJavaProjectConfigurator - Adding source folder /12_productapp_hibernate_java/src/test/java
2022-08-16 07:41:42,028 [Worker-2: Updating Maven Project] INFO  o.e.m.j.i.AbstractJavaProjectConfigurator - Adding resource folder /12_productapp_hibernate_java/src/test/resources
2022-08-16 07:41:42,080 [Worker-2: Updating Maven Project] INFO  o.e.m.c.i.p.ProjectConfigurationManager - Update completed: 0 sec
2022-08-16 07:41:42,554 [Worker-10: Building] WARN  o.e.m.c.i.embedder.EclipseLogger - Using platform encoding (UTF-8 actually) to copy filtered resources, i.e. build is platform dependent!
2022-08-16 07:41:42,555 [Worker-10: Building] INFO  o.e.m.c.i.embedder.EclipseLogger - Copying 2 resources
2022-08-16 07:41:42,558 [Worker-10: Building] WARN  o.e.m.c.i.embedder.EclipseLogger - Using platform encoding (UTF-8 actually) to copy filtered resources, i.e. build is platform dependent!
2022-08-16 07:41:42,558 [Worker-10: Building] INFO  o.e.m.c.i.embedder.EclipseLogger - Copying 0 resource
2022-08-16 07:41:55,295 [Worker-0: Building] WARN  o.e.m.c.i.embedder.EclipseLogger - Using platform encoding (UTF-8 actually) to copy filtered resources, i.e. build is platform dependent!
2022-08-16 07:41:55,296 [Worker-0: Building] INFO  o.e.m.c.i.embedder.EclipseLogger - Copying 2 resources
2022-08-16 07:41:55,297 [Worker-0: Building] WARN  o.e.m.c.i.embedder.EclipseLogger - Using platform encoding (UTF-8 actually) to copy filtered resources, i.e. build is platform dependent!
2022-08-16 07:41:55,298 [Worker-0: Building] INFO  o.e.m.c.i.embedder.EclipseLogger - Copying 0 resource
2022-08-16 08:32:47,166 [ModalContext] ERROR o.e.m.c.i.p.r.ProjectRegistryReader - Can't write workspace state
java.io.FileNotFoundException: /home/raj/Desktop/SPRING_TRAINING_STUFF/code_stuff/1_core/.metadata/.plugins/org.eclipse.m2e.core/workspaceState.ser (No such file or directory)
	at java.io.FileOutputStream.open0(Native Method) ~[na:1.8.0_111]
	at java.io.FileOutputStream.open(FileOutputStream.java:270) ~[na:1.8.0_111]
	at java.io.FileOutputStream.<init>(FileOutputStream.java:213) ~[na:1.8.0_111]
	at java.io.FileOutputStream.<init>(FileOutputStream.java:162) ~[na:1.8.0_111]
	at org.eclipse.m2e.core.internal.project.registry.ProjectRegistryReader.writeWorkspaceState(ProjectRegistryReader.java:128) ~[org.eclipse.m2e.core_1.15.0.20200305-1308.jar:na]
	at org.eclipse.m2e.core.internal.project.registry.ProjectRegistryManager.writeWorkspaceState(ProjectRegistryManager.java:990) [org.eclipse.m2e.core_1.15.0.20200305-1308.jar:na]
	at org.eclipse.m2e.core.internal.MavenPluginActivator$1.saving(MavenPluginActivator.java:147) [org.eclipse.m2e.core_1.15.0.20200305-1308.jar:na]
	at org.eclipse.core.internal.resources.SaveManager.executeLifecycle(SaveManager.java:387) [org.eclipse.core.resources_3.13.700.v20200209-1624.jar:na]
	at org.eclipse.core.internal.resources.SaveManager$1.run(SaveManager.java:204) [org.eclipse.core.resources_3.13.700.v20200209-1624.jar:na]
	at org.eclipse.core.runtime.SafeRunner.run(SafeRunner.java:45) [org.eclipse.equinox.common_3.11.0.v20200206-0817.jar:na]
	at org.eclipse.core.internal.resources.SaveManager.broadcastLifecycle(SaveManager.java:207) [org.eclipse.core.resources_3.13.700.v20200209-1624.jar:na]
	at org.eclipse.core.internal.resources.SaveManager.save(SaveManager.java:1164) [org.eclipse.core.resources_3.13.700.v20200209-1624.jar:na]
	at org.eclipse.core.internal.resources.Workspace.save(Workspace.java:2333) [org.eclipse.core.resources_3.13.700.v20200209-1624.jar:na]
	at org.eclipse.ui.internal.ide.application.IDEWorkbenchAdvisor.lambda$1(IDEWorkbenchAdvisor.java:509) [org.eclipse.ui.ide.application_1.3.600.v20200116-2127.jar:na]
	at org.eclipse.jface.operation.ModalContext$ModalContextThread.run(ModalContext.java:122) ~[org.eclipse.jface_3.19.0.v20200218-1607.jar:na]
